<?xml version="1.0" encoding="UTF-8"?>
<!-- Generated by org.testng.reporters.JUnitReportReporter -->
<testsuite hostname="IN-39DXTN3" failures="0" tests="1" name="testCases.LoginInApplication" time="0.905" errors="0" timestamp="2023-01-18T19:27:19 IST" skipped="0">
  <testcase classname="testCases.LoginInApplication" name="executeLoginApplication" time="0.905"/>
  <system-out/>
</testsuite> <!-- testCases.LoginInApplication -->
