<?xml version="1.0" encoding="UTF-8"?>
<!-- Generated by org.testng.reporters.JUnitReportReporter -->
<testsuite hostname="IN-39DXTN3" failures="0" tests="1" name="testCases.AddProduct" time="22.450" errors="0" timestamp="2023-01-18T13:52:30 IST" skipped="0">
  <testcase classname="testCases.AddProduct" name="executeAddProduct" time="22.450"/>
  <system-out/>
</testsuite> <!-- testCases.AddProduct -->
