<?xml version="1.0" encoding="UTF-8"?>
<!-- Generated by org.testng.reporters.JUnitReportReporter -->
<testsuite hostname="IN-39DXTN3" failures="0" tests="1" name="testCases.AddProduct" time="0.058" errors="0" timestamp="2023-01-18T19:27:19 IST" skipped="0">
  <testcase classname="testCases.AddProduct" name="executeAddProduct" time="0.058"/>
  <system-out/>
</testsuite> <!-- testCases.AddProduct -->
