<?xml version="1.0" encoding="UTF-8"?>
<!-- Generated by org.testng.reporters.JUnitReportReporter -->
<testsuite hostname="IN-39DXTN3" failures="0" tests="1" name="utilities.ReadTestSheet" time="0.935" errors="0" timestamp="2023-01-16T17:36:14 IST" skipped="0">
  <testcase classname="utilities.ReadTestSheet" name="getExecution" time="0.935"/>
  <system-out/>
</testsuite> <!-- utilities.ReadTestSheet -->
