<?xml version="1.0" encoding="UTF-8"?>
<!-- Generated by org.testng.reporters.JUnitReportReporter -->
<testsuite hostname="IN-39DXTN3" failures="0" tests="1" name="testCases.LoginInApplication" time="5.815" errors="0" timestamp="2023-01-17T19:41:55 IST" skipped="0">
  <testcase classname="testCases.LoginInApplication" name="executeLoginApplication" time="5.815"/>
  <system-out/>
</testsuite> <!-- testCases.LoginInApplication -->
